

*******************************************************************************
Sat Jul 10 12:08:17 2021


FIT:    data read from "Energiadepositada1.txt" u (($3*0.00127)+0.000635):($4)
        format = x:z
        #datapoints = 1000
        residuals are weighted equally (unit weight)

function used for fitting: f(x)
	f(x) = b*x + c*(x**2) + d*(x**3) + e*(x**4)
fitted parameters initialized with current variable values

iter      chisq       delta/lim  lambda   b             c             d             e            
   0 6.0759496276e+11   0.00e+00  1.25e+04    1.002500e+02   4.364200e+02  -8.926265e+02   2.882408e+04
   6 2.2726973044e+06  -1.45e-07  1.25e-02    3.832549e+02  -8.645401e+02   1.188594e+03  -6.155254e+02

After 6 iterations the fit converged.
final sum of squares of residuals : 2.2727e+06
rel. change during last iteration : -1.44942e-12

degrees of freedom    (FIT_NDF)                        : 996
rms of residuals      (FIT_STDFIT) = sqrt(WSSR/ndf)    : 47.7684
variance of residuals (reduced chisquare) = WSSR/ndf   : 2281.82

Final set of parameters            Asymptotic Standard Error
=======================            ==========================
b               = 383.255          +/- 41.2         (10.75%)
c               = -864.54          +/- 175.9        (20.35%)
d               = 1188.59          +/- 234.1        (19.7%)
e               = -615.525         +/- 97.55        (15.85%)

correlation matrix of the fit parameters:
                b      c      d      e      
b               1.000 
c              -0.968  1.000 
d               0.917 -0.986  1.000 
e              -0.866  0.958 -0.992  1.000 
